0 info it worked if it ends with ok
1 verbose cli [ '/usr/bin/nodejs', '/usr/bin/npm', 'start' ]
2 info using npm@4.1.2
3 info using node@v7.6.0
4 verbose run-script [ 'prestart', 'start', 'poststart' ]
5 info lifecycle rishikesh@0.1.0~prestart: rishikesh@0.1.0
6 silly lifecycle rishikesh@0.1.0~prestart: no script for prestart, continuing
7 info lifecycle rishikesh@0.1.0~start: rishikesh@0.1.0
8 verbose lifecycle rishikesh@0.1.0~start: unsafe-perm in lifecycle true
9 verbose lifecycle rishikesh@0.1.0~start: PATH: /usr/lib/node_modules/npm/bin/node-gyp-bin:/home/manish/worksapceProject/orchestropus/node_modules/.bin:/usr/local/lib/npm/bin:/usr/local/sbin:/usr/local/bin:/usr/sbin:/usr/bin:/sbin:/bin:/usr/games:/usr/local/games:/snap/bin
10 verbose lifecycle rishikesh@0.1.0~start: CWD: /home/manish/worksapceProject/orchestropus
11 silly lifecycle rishikesh@0.1.0~start: Args: [ '-c', 'node index.js' ]
12 silly lifecycle rishikesh@0.1.0~start: Returned: code: 1  signal: null
13 info lifecycle rishikesh@0.1.0~start: Failed to exec start script
14 verbose stack Error: rishikesh@0.1.0 start: `node index.js`
14 verbose stack Exit status 1
14 verbose stack     at EventEmitter.<anonymous> (/usr/lib/node_modules/npm/lib/utils/lifecycle.js:279:16)
14 verbose stack     at emitTwo (events.js:106:13)
14 verbose stack     at EventEmitter.emit (events.js:192:7)
14 verbose stack     at ChildProcess.<anonymous> (/usr/lib/node_modules/npm/lib/utils/spawn.js:40:14)
14 verbose stack     at emitTwo (events.js:106:13)
14 verbose stack     at ChildProcess.emit (events.js:192:7)
14 verbose stack     at maybeClose (internal/child_process.js:890:16)
14 verbose stack     at Process.ChildProcess._handle.onexit (internal/child_process.js:226:5)
15 verbose pkgid rishikesh@0.1.0
16 verbose cwd /home/manish/worksapceProject/orchestropus
17 error Linux 4.4.0-64-generic
18 error argv "/usr/bin/nodejs" "/usr/bin/npm" "start"
19 error node v7.6.0
20 error npm  v4.1.2
21 error code ELIFECYCLE
22 error rishikesh@0.1.0 start: `node index.js`
22 error Exit status 1
23 error Failed at the rishikesh@0.1.0 start script 'node index.js'.
23 error Make sure you have the latest version of node.js and npm installed.
23 error If you do, this is most likely a problem with the rishikesh package,
23 error not with npm itself.
23 error Tell the author that this fails on your system:
23 error     node index.js
23 error You can get information on how to open an issue for this project with:
23 error     npm bugs rishikesh
23 error Or if that isn't available, you can get their info via:
23 error     npm owner ls rishikesh
23 error There is likely additional logging output above.
24 verbose exit [ 1, true ]
